2024/11/10 10:25:56 - No match found. Loop counter: 10. // Total check time: 7099 ms // Wait-Time per loop: 500 ms. // Threshold: 0.7 // Match Image: C:\HP\OpenCV_Match\OpenCV_Match\Match\1.png
2024/11/10 10:26:00 - No match found. Loop counter: 3. // Total check time: 1818 ms // Wait-Time per loop: 500 ms. // Threshold: 0.8 // Match Image: C:\HP\OpenCV_Match\OpenCV_Match\Match\2.png
2024/11/10 10:35:13 - No match found. Loop counter: 10. // Total check time: 7077 ms // Wait-Time per loop: 500 ms. // Threshold: 0.7 // Match Image: C:\HP\OpenCV_Match\OpenCV_Match\Match\Comment.png
2024/11/10 10:35:42 - No match found. Loop counter: 10. // Total check time: 6635 ms // Wait-Time per loop: 500 ms. // Threshold: 0.7 // Match Image: C:\HP\OpenCV_Match\OpenCV_Match\Match\Comment.png
2024/11/10 10:36:32 - No match found. Loop counter: 10. // Total check time: 6527 ms // Wait-Time per loop: 500 ms. // Threshold: 0.7 // Match Image: C:\HP\OpenCV_Match\OpenCV_Match\Match\Comment.png
2024/11/10 10:37:18 - No match found. Loop counter: 10. // Total check time: 7264 ms // Wait-Time per loop: 500 ms. // Threshold: 0.7 // Match Image: C:\HP\OpenCV_Match\OpenCV_Match\Match\Comment.png
2024/11/10 10:38:45 - No match found. Loop counter: 10. // Total check time: 8177 ms // Wait-Time per loop: 500 ms. // Threshold: 0.7 // Match Image: C:\HP\OpenCV_Match\OpenCV_Match\Match\Comment.png
2024/11/10 10:39:48 - No match found. Loop counter: 10. // Total check time: 8791 ms // Wait-Time per loop: 500 ms. // Threshold: 0.7 // Match Image: C:\HP\OpenCV_Match\OpenCV_Match\Match\Comment.png
2024/11/10 10:40:54 - No match found. Loop counter: 10. // Total check time: 7957 ms // Wait-Time per loop: 500 ms. // Threshold: 0.7 // Match Image: C:\HP\OpenCV_Match\OpenCV_Match\Match\Comment.png
2024/11/10 10:45:12 - No match found. Loop counter: 10. // Total check time: 8504 ms // Wait-Time per loop: 500 ms. // Threshold: 0.7 // Match Image: C:\HP\OpenCV_Match\OpenCV_Match\Match\Comment.png
2024/11/10 10:46:45 - No match found. Loop counter: 10. // Total check time: 8598 ms // Wait-Time per loop: 500 ms. // Threshold: 0.7 // Match Image: C:\HP\OpenCV_Match\OpenCV_Match\Match\Comment.png
2024/11/10 10:51:38 - No match found. Loop counter: 10. // Total check time: 8595 ms // Wait-Time per loop: 500 ms. // Threshold: 0.7 // Match Image: C:\HP\OpenCV_Match\OpenCV_Match\Match\Comment.png
2024/11/10 10:53:49 - No match found. Loop counter: 10. // Total check time: 8727 ms // Wait-Time per loop: 500 ms. // Threshold: 0.7 // Match Image: C:\HP\OpenCV_Match\OpenCV_Match\Match\Comment.png
2024/11/10 10:57:28 - No match found. Loop counter: 10. // Total check time: 8540 ms // Wait-Time per loop: 500 ms. // Threshold: 0.7 // Match Image: C:\HP\OpenCV_Match\OpenCV_Match\Match\CommentBox.png
2024/11/10 11:02:04 - No match found. Loop counter: 10. // Total check time: 8872 ms // Wait-Time per loop: 500 ms. // Threshold: 0.7 // Match Image: C:\HP\OpenCV_Match\OpenCV_Match\Match\Comment.png
2024/11/10 11:02:16 - No match found. Loop counter: 10. // Total check time: 8385 ms // Wait-Time per loop: 500 ms. // Threshold: 0.7 // Match Image: C:\HP\OpenCV_Match\OpenCV_Match\Match\CommentBox.png
2024/11/10 11:03:49 - No match found. Loop counter: 10. // Total check time: 8609 ms // Wait-Time per loop: 500 ms. // Threshold: 0.7 // Match Image: C:\HP\OpenCV_Match\OpenCV_Match\Match\Comment.png
2024/11/10 11:08:01 - No match found. Loop counter: 10. // Total check time: 8763 ms // Wait-Time per loop: 500 ms. // Threshold: 0.7 // Match Image: C:\HP\OpenCV_Match\OpenCV_Match\Match\Comment.png
2024/11/10 11:10:57 - No match found. Loop counter: 10. // Total check time: 8020 ms // Wait-Time per loop: 500 ms. // Threshold: 0.7 // Match Image: C:\HP\OpenCV_Match\OpenCV_Match\Match\Comment.png
2024/11/10 11:11:04 - No match found. Loop counter: 10. // Total check time: 6925 ms // Wait-Time per loop: 500 ms. // Threshold: 0.7 // Match Image: C:\HP\OpenCV_Match\OpenCV_Match\Match\Comment.png
2024/11/10 11:11:23 - No match found. Loop counter: 10. // Total check time: 7832 ms // Wait-Time per loop: 500 ms. // Threshold: 0.7 // Match Image: C:\HP\OpenCV_Match\OpenCV_Match\Match\Comment.png
2024/11/10 11:11:32 - No match found. Loop counter: 10. // Total check time: 8229 ms // Wait-Time per loop: 500 ms. // Threshold: 0.7 // Match Image: C:\HP\OpenCV_Match\OpenCV_Match\Match\Comment.png
2024/11/10 11:11:41 - No match found. Loop counter: 10. // Total check time: 9457 ms // Wait-Time per loop: 500 ms. // Threshold: 0.7 // Match Image: C:\HP\OpenCV_Match\OpenCV_Match\Match\Comment.png
2024/11/10 11:11:48 - No match found. Loop counter: 10. // Total check time: 6419 ms // Wait-Time per loop: 500 ms. // Threshold: 0.7 // Match Image: C:\HP\OpenCV_Match\OpenCV_Match\Match\Comment.png
2024/11/10 11:11:55 - No match found. Loop counter: 10. // Total check time: 6416 ms // Wait-Time per loop: 500 ms. // Threshold: 0.7 // Match Image: C:\HP\OpenCV_Match\OpenCV_Match\Match\Comment.png
2024/11/10 11:12:02 - No match found. Loop counter: 10. // Total check time: 6419 ms // Wait-Time per loop: 500 ms. // Threshold: 0.7 // Match Image: C:\HP\OpenCV_Match\OpenCV_Match\Match\Comment.png
2024/11/10 11:12:32 - No match found. Loop counter: 10. // Total check time: 8047 ms // Wait-Time per loop: 500 ms. // Threshold: 0.7 // Match Image: C:\HP\OpenCV_Match\OpenCV_Match\Match\Comment.png
2024/11/10 11:15:51 - No match found. Loop counter: 10. // Total check time: 8544 ms // Wait-Time per loop: 500 ms. // Threshold: 0.7 // Match Image: C:\HP\OpenCV_Match\OpenCV_Match\Match\Comment.png
2024/11/10 11:18:09 - No match found. Loop counter: 10. // Total check time: 8137 ms // Wait-Time per loop: 500 ms. // Threshold: 0.7 // Match Image: C:\HP\OpenCV_Match\OpenCV_Match\Match\Comment.png
2024/11/10 11:18:21 - No match found. Loop counter: 10. // Total check time: 8455 ms // Wait-Time per loop: 500 ms. // Threshold: 0.7 // Match Image: C:\HP\OpenCV_Match\OpenCV_Match\Match\Comment.png
2024/11/10 11:18:31 - No match found. Loop counter: 10. // Total check time: 8510 ms // Wait-Time per loop: 500 ms. // Threshold: 0.7 // Match Image: C:\HP\OpenCV_Match\OpenCV_Match\Match\Comment.png
2024/11/10 11:18:38 - No match found. Loop counter: 10. // Total check time: 6388 ms // Wait-Time per loop: 500 ms. // Threshold: 0.7 // Match Image: C:\HP\OpenCV_Match\OpenCV_Match\Match\Comment.png
2024/11/10 11:18:46 - No match found. Loop counter: 10. // Total check time: 6511 ms // Wait-Time per loop: 500 ms. // Threshold: 0.7 // Match Image: C:\HP\OpenCV_Match\OpenCV_Match\Match\Comment.png
2024/11/10 11:18:53 - No match found. Loop counter: 10. // Total check time: 6593 ms // Wait-Time per loop: 500 ms. // Threshold: 0.7 // Match Image: C:\HP\OpenCV_Match\OpenCV_Match\Match\Comment.png
2024/11/10 11:21:02 - No match found. Loop counter: 10. // Total check time: 9018 ms // Wait-Time per loop: 500 ms. // Threshold: 0.7 // Match Image: C:\HP\OpenCV_Match\OpenCV_Match\Match\Comment.png
2024/11/10 11:21:14 - No match found. Loop counter: 10. // Total check time: 8686 ms // Wait-Time per loop: 500 ms. // Threshold: 0.7 // Match Image: C:\HP\OpenCV_Match\OpenCV_Match\Match\Comment.png
2024/11/10 11:21:25 - No match found. Loop counter: 10. // Total check time: 8357 ms // Wait-Time per loop: 500 ms. // Threshold: 0.7 // Match Image: C:\HP\OpenCV_Match\OpenCV_Match\Match\Comment.png
2024/11/10 11:21:36 - No match found. Loop counter: 10. // Total check time: 8483 ms // Wait-Time per loop: 500 ms. // Threshold: 0.7 // Match Image: C:\HP\OpenCV_Match\OpenCV_Match\Match\Comment.png
2024/11/10 11:23:09 - No match found. Loop counter: 10. // Total check time: 8663 ms // Wait-Time per loop: 500 ms. // Threshold: 0.7 // Match Image: C:\HP\OpenCV_Match\OpenCV_Match\Match\Comment.png
2024/11/10 11:23:21 - No match found. Loop counter: 10. // Total check time: 8802 ms // Wait-Time per loop: 500 ms. // Threshold: 0.7 // Match Image: C:\HP\OpenCV_Match\OpenCV_Match\Match\Comment.png
2024/11/10 11:23:32 - No match found. Loop counter: 10. // Total check time: 8534 ms // Wait-Time per loop: 500 ms. // Threshold: 0.7 // Match Image: C:\HP\OpenCV_Match\OpenCV_Match\Match\Comment.png
2024/11/10 11:23:44 - No match found. Loop counter: 10. // Total check time: 8678 ms // Wait-Time per loop: 500 ms. // Threshold: 0.7 // Match Image: C:\HP\OpenCV_Match\OpenCV_Match\Match\Comment.png
2024/11/10 11:25:38 - No match found. Loop counter: 10. // Total check time: 8635 ms // Wait-Time per loop: 500 ms. // Threshold: 0.7 // Match Image: C:\HP\OpenCV_Match\OpenCV_Match\Match\Comment.png
2024/11/10 11:25:49 - No match found. Loop counter: 10. // Total check time: 8457 ms // Wait-Time per loop: 500 ms. // Threshold: 0.7 // Match Image: C:\HP\OpenCV_Match\OpenCV_Match\Match\Comment.png
2024/11/10 11:26:00 - No match found. Loop counter: 10. // Total check time: 8448 ms // Wait-Time per loop: 500 ms. // Threshold: 0.7 // Match Image: C:\HP\OpenCV_Match\OpenCV_Match\Match\Comment.png
2024/11/10 11:26:12 - No match found. Loop counter: 10. // Total check time: 8548 ms // Wait-Time per loop: 500 ms. // Threshold: 0.7 // Match Image: C:\HP\OpenCV_Match\OpenCV_Match\Match\Comment.png
2024/11/10 11:28:05 - No match found. Loop counter: 10. // Total check time: 8574 ms // Wait-Time per loop: 500 ms. // Threshold: 0.7 // Match Image: C:\HP\OpenCV_Match\OpenCV_Match\Match\Comment.png
2024/11/10 11:28:16 - No match found. Loop counter: 10. // Total check time: 8508 ms // Wait-Time per loop: 500 ms. // Threshold: 0.7 // Match Image: C:\HP\OpenCV_Match\OpenCV_Match\Match\Comment.png
2024/11/10 11:28:28 - No match found. Loop counter: 10. // Total check time: 8655 ms // Wait-Time per loop: 500 ms. // Threshold: 0.7 // Match Image: C:\HP\OpenCV_Match\OpenCV_Match\Match\Comment.png
2024/11/10 11:30:51 - No match found. Loop counter: 10. // Total check time: 8664 ms // Wait-Time per loop: 500 ms. // Threshold: 0.7 // Match Image: C:\HP\OpenCV_Match\OpenCV_Match\Match\Comment.png
2024/11/10 11:31:02 - No match found. Loop counter: 10. // Total check time: 8374 ms // Wait-Time per loop: 500 ms. // Threshold: 0.7 // Match Image: C:\HP\OpenCV_Match\OpenCV_Match\Match\CommentBox.png
2024/11/10 11:31:52 - No match found. Loop counter: 10. // Total check time: 8645 ms // Wait-Time per loop: 500 ms. // Threshold: 0.7 // Match Image: C:\HP\OpenCV_Match\OpenCV_Match\Match\CommentBox.png
2024/11/10 11:32:44 - No match found. Loop counter: 10. // Total check time: 8480 ms // Wait-Time per loop: 500 ms. // Threshold: 0.7 // Match Image: C:\HP\OpenCV_Match\OpenCV_Match\Match\CommentBox.png
2024/11/10 11:34:06 - No match found. Loop counter: 10. // Total check time: 8266 ms // Wait-Time per loop: 500 ms. // Threshold: 0.7 // Match Image: C:\HP\OpenCV_Match\OpenCV_Match\Match\Comment.png
2024/11/10 11:35:32 - No match found. Loop counter: 10. // Total check time: 8335 ms // Wait-Time per loop: 500 ms. // Threshold: 0.7 // Match Image: C:\HP\OpenCV_Match\OpenCV_Match\Match\Comment.png
2024/11/10 11:35:45 - No match found. Loop counter: 10. // Total check time: 8280 ms // Wait-Time per loop: 500 ms. // Threshold: 0.7 // Match Image: C:\HP\OpenCV_Match\OpenCV_Match\Match\Comment.png
2024/11/10 11:36:43 - No match found. Loop counter: 10. // Total check time: 8426 ms // Wait-Time per loop: 500 ms. // Threshold: 0.7 // Match Image: C:\HP\OpenCV_Match\OpenCV_Match\Match\Comment.png
2024/11/10 11:37:55 - No match found. Loop counter: 10. // Total check time: 8586 ms // Wait-Time per loop: 500 ms. // Threshold: 0.7 // Match Image: C:\HP\OpenCV_Match\OpenCV_Match\Match\Comment.png
2024/11/10 11:38:08 - No match found. Loop counter: 10. // Total check time: 8493 ms // Wait-Time per loop: 500 ms. // Threshold: 0.7 // Match Image: C:\HP\OpenCV_Match\OpenCV_Match\Match\CommentBox.png
2024/11/10 11:39:38 - No match found. Loop counter: 10. // Total check time: 8670 ms // Wait-Time per loop: 500 ms. // Threshold: 0.7 // Match Image: C:\HP\OpenCV_Match\OpenCV_Match\Match\Comment.png
2024/11/10 11:42:52 - No match found. Loop counter: 10. // Total check time: 8459 ms // Wait-Time per loop: 500 ms. // Threshold: 0.7 // Match Image: C:\HP\OpenCV_Match\OpenCV_Match\Match\Comment.png
2024/11/10 11:45:55 - No match found. Loop counter: 10. // Total check time: 8839 ms // Wait-Time per loop: 500 ms. // Threshold: 0.7 // Match Image: C:\HP\OpenCV_Match\OpenCV_Match\Match\Comment.png
2024/11/10 11:47:02 - No match found. Loop counter: 10. // Total check time: 8635 ms // Wait-Time per loop: 500 ms. // Threshold: 0.7 // Match Image: C:\HP\OpenCV_Match\OpenCV_Match\Match\Comment.png
2024/11/10 11:49:10 - No match found. Loop counter: 10. // Total check time: 8644 ms // Wait-Time per loop: 500 ms. // Threshold: 0.7 // Match Image: C:\HP\OpenCV_Match\OpenCV_Match\Match\Comment.png
2024/11/10 11:50:13 - No match found. Loop counter: 10. // Total check time: 8661 ms // Wait-Time per loop: 500 ms. // Threshold: 0.7 // Match Image: C:\HP\OpenCV_Match\OpenCV_Match\Match\Comment.png
2024/11/10 11:50:26 - No match found. Loop counter: 10. // Total check time: 8598 ms // Wait-Time per loop: 500 ms. // Threshold: 0.7 // Match Image: C:\HP\OpenCV_Match\OpenCV_Match\Match\Comment.png
2024/11/10 11:50:36 - No match found. Loop counter: 10. // Total check time: 8718 ms // Wait-Time per loop: 500 ms. // Threshold: 0.7 // Match Image: C:\HP\OpenCV_Match\OpenCV_Match\Match\Comment.png
2024/11/10 11:50:46 - No match found. Loop counter: 10. // Total check time: 8484 ms // Wait-Time per loop: 500 ms. // Threshold: 0.7 // Match Image: C:\HP\OpenCV_Match\OpenCV_Match\Match\Comment.png
2024/11/10 11:50:57 - No match found. Loop counter: 10. // Total check time: 8710 ms // Wait-Time per loop: 500 ms. // Threshold: 0.7 // Match Image: C:\HP\OpenCV_Match\OpenCV_Match\Match\Comment.png
2024/11/10 11:51:07 - No match found. Loop counter: 10. // Total check time: 8458 ms // Wait-Time per loop: 500 ms. // Threshold: 0.7 // Match Image: C:\HP\OpenCV_Match\OpenCV_Match\Match\Comment.png
2024/11/10 11:51:17 - No match found. Loop counter: 10. // Total check time: 8585 ms // Wait-Time per loop: 500 ms. // Threshold: 0.7 // Match Image: C:\HP\OpenCV_Match\OpenCV_Match\Match\Comment.png
2024/11/10 11:51:27 - No match found. Loop counter: 10. // Total check time: 8459 ms // Wait-Time per loop: 500 ms. // Threshold: 0.7 // Match Image: C:\HP\OpenCV_Match\OpenCV_Match\Match\Comment.png
2024/11/10 11:51:37 - No match found. Loop counter: 10. // Total check time: 8404 ms // Wait-Time per loop: 500 ms. // Threshold: 0.7 // Match Image: C:\HP\OpenCV_Match\OpenCV_Match\Match\Comment.png
2024/11/10 11:51:47 - No match found. Loop counter: 10. // Total check time: 8426 ms // Wait-Time per loop: 500 ms. // Threshold: 0.7 // Match Image: C:\HP\OpenCV_Match\OpenCV_Match\Match\Comment.png
2024/11/10 11:51:56 - No match found. Loop counter: 10. // Total check time: 7256 ms // Wait-Time per loop: 500 ms. // Threshold: 0.7 // Match Image: C:\HP\OpenCV_Match\OpenCV_Match\Match\Comment.png
2024/11/10 11:52:04 - No match found. Loop counter: 10. // Total check time: 6488 ms // Wait-Time per loop: 500 ms. // Threshold: 0.7 // Match Image: C:\HP\OpenCV_Match\OpenCV_Match\Match\Comment.png
2024/11/10 11:52:12 - No match found. Loop counter: 10. // Total check time: 6493 ms // Wait-Time per loop: 500 ms. // Threshold: 0.7 // Match Image: C:\HP\OpenCV_Match\OpenCV_Match\Match\Comment.png
2024/11/10 11:52:20 - No match found. Loop counter: 10. // Total check time: 6512 ms // Wait-Time per loop: 500 ms. // Threshold: 0.7 // Match Image: C:\HP\OpenCV_Match\OpenCV_Match\Match\Comment.png
2024/11/10 11:52:28 - No match found. Loop counter: 10. // Total check time: 6522 ms // Wait-Time per loop: 500 ms. // Threshold: 0.7 // Match Image: C:\HP\OpenCV_Match\OpenCV_Match\Match\Comment.png
2024/11/11 21:45:53 - No match found. Loop counter: 10. // Total check time: 6295 ms // Wait-Time per loop: 500 ms. // Threshold: 0.7 // Match Image: C:\Users\L\Documents\GitHub\X_Bot\OpenCV_Match\Match\com.png
2024/11/11 21:46:00 - No match found. Loop counter: 10. // Total check time: 6310 ms // Wait-Time per loop: 500 ms. // Threshold: 0.7 // Match Image: C:\Users\L\Documents\GitHub\X_Bot\OpenCV_Match\Match\com.png
2024/11/11 21:47:06 - No match found. Loop counter: 10. // Total check time: 8631 ms // Wait-Time per loop: 500 ms. // Threshold: 0.7 // Match Image: C:\Users\L\Documents\GitHub\X_Bot\OpenCV_Match\Match\com.png
2024/11/11 21:47:41 - No match found. Loop counter: 10. // Total check time: 8704 ms // Wait-Time per loop: 500 ms. // Threshold: 0.7 // Match Image: C:\Users\L\Documents\GitHub\X_Bot\OpenCV_Match\Match\com.png
2024/11/11 21:47:50 - No match found. Loop counter: 10. // Total check time: 8222 ms // Wait-Time per loop: 500 ms. // Threshold: 0.7 // Match Image: C:\Users\L\Documents\GitHub\X_Bot\OpenCV_Match\Match\com.png
2024/11/11 21:47:58 - No match found. Loop counter: 10. // Total check time: 8134 ms // Wait-Time per loop: 500 ms. // Threshold: 0.7 // Match Image: C:\Users\L\Documents\GitHub\X_Bot\OpenCV_Match\Match\com.png
2024/11/11 21:48:17 - No match found. Loop counter: 10. // Total check time: 8375 ms // Wait-Time per loop: 500 ms. // Threshold: 0.7 // Match Image: C:\Users\L\Documents\GitHub\X_Bot\OpenCV_Match\Match\com.png
2024/11/11 21:48:33 - No match found. Loop counter: 10. // Total check time: 8049 ms // Wait-Time per loop: 500 ms. // Threshold: 0.7 // Match Image: C:\Users\L\Documents\GitHub\X_Bot\OpenCV_Match\Match\com.png
2024/11/11 21:51:39 - No match found. Loop counter: 10. // Total check time: 8614 ms // Wait-Time per loop: 500 ms. // Threshold: 0.7 // Match Image: C:\Users\L\Documents\GitHub\X_Bot\OpenCV_Match\Match\com.png
2024/11/11 21:51:48 - No match found. Loop counter: 10. // Total check time: 8156 ms // Wait-Time per loop: 500 ms. // Threshold: 0.7 // Match Image: C:\Users\L\Documents\GitHub\X_Bot\OpenCV_Match\Match\com.png
2024/11/11 21:51:57 - No match found. Loop counter: 10. // Total check time: 7996 ms // Wait-Time per loop: 500 ms. // Threshold: 0.7 // Match Image: C:\Users\L\Documents\GitHub\X_Bot\OpenCV_Match\Match\com.png
2024/11/11 21:52:33 - No match found. Loop counter: 10. // Total check time: 8002 ms // Wait-Time per loop: 500 ms. // Threshold: 0.7 // Match Image: C:\Users\L\Documents\GitHub\X_Bot\OpenCV_Match\Match\com.png
2024/11/11 21:54:34 - No match found. Loop counter: 10. // Total check time: 8443 ms // Wait-Time per loop: 500 ms. // Threshold: 0.7 // Match Image: C:\Users\L\Documents\GitHub\X_Bot\OpenCV_Match\Match\com.png
2024/11/11 21:54:42 - No match found. Loop counter: 10. // Total check time: 8150 ms // Wait-Time per loop: 500 ms. // Threshold: 0.7 // Match Image: C:\Users\L\Documents\GitHub\X_Bot\OpenCV_Match\Match\com.png
2024/11/11 21:55:47 - No match found. Loop counter: 10. // Total check time: 8676 ms // Wait-Time per loop: 500 ms. // Threshold: 0.7 // Match Image: C:\Users\L\Documents\GitHub\X_Bot\OpenCV_Match\Match\com.png
2024/11/11 21:55:55 - No match found. Loop counter: 10. // Total check time: 8115 ms // Wait-Time per loop: 500 ms. // Threshold: 0.7 // Match Image: C:\Users\L\Documents\GitHub\X_Bot\OpenCV_Match\Match\com.png
2024/11/11 21:58:12 - No match found. Loop counter: 10. // Total check time: 8421 ms // Wait-Time per loop: 500 ms. // Threshold: 0.7 // Match Image: C:\Users\L\Documents\GitHub\X_Bot\OpenCV_Match\Match\com.png
2024/11/11 21:58:21 - No match found. Loop counter: 10. // Total check time: 8369 ms // Wait-Time per loop: 500 ms. // Threshold: 0.7 // Match Image: C:\Users\L\Documents\GitHub\X_Bot\OpenCV_Match\Match\com.png
2024/11/11 21:58:46 - No match found. Loop counter: 10. // Total check time: 8141 ms // Wait-Time per loop: 500 ms. // Threshold: 0.7 // Match Image: C:\Users\L\Documents\GitHub\X_Bot\OpenCV_Match\Match\com.png
2024/11/11 22:00:00 - No match found. Loop counter: 10. // Total check time: 8038 ms // Wait-Time per loop: 500 ms. // Threshold: 0.7 // Match Image: C:\Users\L\Documents\GitHub\X_Bot\OpenCV_Match\Match\com.png
2024/11/11 22:02:36 - No match found. Loop counter: 10. // Total check time: 8289 ms // Wait-Time per loop: 500 ms. // Threshold: 0.7 // Match Image: C:\Users\L\Documents\GitHub\X_Bot\OpenCV_Match\Match\com.png
2024/11/11 22:03:02 - No match found. Loop counter: 10. // Total check time: 8542 ms // Wait-Time per loop: 500 ms. // Threshold: 0.7 // Match Image: C:\Users\L\Documents\GitHub\X_Bot\OpenCV_Match\Match\com.png
2024/11/11 22:03:46 - No match found. Loop counter: 10. // Total check time: 8309 ms // Wait-Time per loop: 500 ms. // Threshold: 0.7 // Match Image: C:\Users\L\Documents\GitHub\X_Bot\OpenCV_Match\Match\com.png
2024/11/11 22:03:59 - No match found. Loop counter: 10. // Total check time: 8139 ms // Wait-Time per loop: 500 ms. // Threshold: 0.7 // Match Image: C:\Users\L\Documents\GitHub\X_Bot\OpenCV_Match\Match\com.png
2024/11/11 22:07:40 - No match found. Loop counter: 10. // Total check time: 8208 ms // Wait-Time per loop: 500 ms. // Threshold: 0.7 // Match Image: C:\Users\L\Documents\GitHub\X_Bot\OpenCV_Match\Match\com.png
2024/11/11 22:08:32 - No match found. Loop counter: 10. // Total check time: 7875 ms // Wait-Time per loop: 500 ms. // Threshold: 0.7 // Match Image: C:\Users\L\Documents\GitHub\X_Bot\OpenCV_Match\Match\com.png
2024/11/11 22:08:45 - No match found. Loop counter: 10. // Total check time: 8195 ms // Wait-Time per loop: 500 ms. // Threshold: 0.7 // Match Image: C:\Users\L\Documents\GitHub\X_Bot\OpenCV_Match\Match\com.png
2024/11/12 07:55:37 - No match found. Loop counter: 10. // Total check time: 8832 ms // Wait-Time per loop: 500 ms. // Threshold: 0.7 // Match Image: C:\Users\L\Documents\GitHub\X_Bot\OpenCV_Match\Match\search.png
2024/11/12 07:56:26 - No match found. Loop counter: 10. // Total check time: 9142 ms // Wait-Time per loop: 500 ms. // Threshold: 0.7 // Match Image: C:\Users\L\Documents\GitHub\X_Bot\OpenCV_Match\Match\search.png
2024/11/12 07:57:18 - No match found. Loop counter: 10. // Total check time: 8991 ms // Wait-Time per loop: 500 ms. // Threshold: 0.7 // Match Image: C:\Users\L\Documents\GitHub\X_Bot\OpenCV_Match\Match\search.png
2024/11/12 07:57:26 - No match found. Loop counter: 10. // Total check time: 8469 ms // Wait-Time per loop: 500 ms. // Threshold: 0.7 // Match Image: C:\Users\L\Documents\GitHub\X_Bot\OpenCV_Match\Match\explore.png
2024/11/12 08:38:55 - No match found. Loop counter: 10. // Total check time: 8172 ms // Wait-Time per loop: 500 ms. // Threshold: 0.7 // Match Image: C:\Users\L\Documents\GitHub\X_Bot\OpenCV_Match\Match\cc.png
2024/11/12 08:39:20 - No match found. Loop counter: 10. // Total check time: 8467 ms // Wait-Time per loop: 500 ms. // Threshold: 0.7 // Match Image: C:\Users\L\Documents\GitHub\X_Bot\OpenCV_Match\Match\cc.png
2024/11/12 08:41:29 - No match found. Loop counter: 10. // Total check time: 8858 ms // Wait-Time per loop: 500 ms. // Threshold: 0.7 // Match Image: C:\Users\L\Documents\GitHub\X_Bot\OpenCV_Match\Match\cc.png
2024/11/12 08:41:50 - No match found. Loop counter: 10. // Total check time: 8451 ms // Wait-Time per loop: 500 ms. // Threshold: 0.7 // Match Image: C:\Users\L\Documents\GitHub\X_Bot\OpenCV_Match\Match\cc.png
2024/11/12 08:43:28 - No match found. Loop counter: 10. // Total check time: 8491 ms // Wait-Time per loop: 500 ms. // Threshold: 0.7 // Match Image: C:\Users\L\Documents\GitHub\X_Bot\OpenCV_Match\Match\cc.png
2024/11/12 08:43:52 - No match found. Loop counter: 10. // Total check time: 8393 ms // Wait-Time per loop: 500 ms. // Threshold: 0.7 // Match Image: C:\Users\L\Documents\GitHub\X_Bot\OpenCV_Match\Match\cc.png
2024/11/12 08:51:05 - No match found. Loop counter: 10. // Total check time: 8854 ms // Wait-Time per loop: 500 ms. // Threshold: 0.7 // Match Image: C:\Users\L\Documents\GitHub\X_Bot\OpenCV_Match\Match\search.png
2024/11/12 08:58:19 - No match found. Loop counter: 10. // Total check time: 8199 ms // Wait-Time per loop: 500 ms. // Threshold: 0.7 // Match Image: C:\Users\L\Documents\GitHub\X_Bot\OpenCV_Match\Match\cc.png
2024/11/12 08:58:50 - No match found. Loop counter: 10. // Total check time: 10116 ms // Wait-Time per loop: 500 ms. // Threshold: 0.7 // Match Image: C:\Users\L\Documents\GitHub\X_Bot\OpenCV_Match\Match\cc3.png
2024/11/12 09:01:45 - No match found. Loop counter: 10. // Total check time: 10244 ms // Wait-Time per loop: 500 ms. // Threshold: 0.7 // Match Image: C:\Users\L\Documents\GitHub\X_Bot\OpenCV_Match\Match\cc3.png
2024/11/12 09:02:43 - No match found. Loop counter: 10. // Total check time: 7244 ms // Wait-Time per loop: 500 ms. // Threshold: 0.7 // Match Image: C:\Users\L\Documents\GitHub\X_Bot\OpenCV_Match\Match\cc3.png
2024/11/12 09:03:37 - No match found. Loop counter: 10. // Total check time: 10289 ms // Wait-Time per loop: 500 ms. // Threshold: 0.7 // Match Image: C:\Users\L\Documents\GitHub\X_Bot\OpenCV_Match\Match\cc3.png
2024/11/12 09:05:58 - No match found. Loop counter: 10. // Total check time: 10110 ms // Wait-Time per loop: 500 ms. // Threshold: 0.7 // Match Image: C:\Users\L\Documents\GitHub\X_Bot\OpenCV_Match\Match\cc3.png
2024/11/12 09:13:28 - No match found. Loop counter: 10. // Total check time: 10446 ms // Wait-Time per loop: 500 ms. // Threshold: 0.7 // Match Image: C:\Users\L\Documents\GitHub\X_Bot\OpenCV_Match\Match\cc3.png
2024/11/12 09:13:49 - No match found. Loop counter: 10. // Total check time: 8294 ms // Wait-Time per loop: 500 ms. // Threshold: 0.7 // Match Image: C:\Users\L\Documents\GitHub\X_Bot\OpenCV_Match\Match\cc.png
2024/11/12 09:14:20 - No match found. Loop counter: 10. // Total check time: 10550 ms // Wait-Time per loop: 500 ms. // Threshold: 0.7 // Match Image: C:\Users\L\Documents\GitHub\X_Bot\OpenCV_Match\Match\cc3.png
2024/11/12 09:14:53 - No match found. Loop counter: 10. // Total check time: 10363 ms // Wait-Time per loop: 500 ms. // Threshold: 0.7 // Match Image: C:\Users\L\Documents\GitHub\X_Bot\OpenCV_Match\Match\cc3.png
2024/11/12 09:15:27 - No match found. Loop counter: 10. // Total check time: 10478 ms // Wait-Time per loop: 500 ms. // Threshold: 0.7 // Match Image: C:\Users\L\Documents\GitHub\X_Bot\OpenCV_Match\Match\cc3.png
